# JRE version: OpenJDK Runtime Environment (8.0_242-b01) (build 1.8.0_242-release-1644-b01)
# Java VM: OpenJDK 64-Bit Server VM (25.242-b01 mixed mode windows-amd64 compressed oops)
Heap:
 PSYoungGen      total 606208K, used 303834K [0x00000000d5580000, 0x00000000ff280000, 0x0000000100000000)
  eden space 534528K, 54% used [0x00000000d5580000,0x00000000e6f813f0,0x00000000f5f80000)
  from space 71680K, 21% used [0x00000000fac80000,0x00000000fbb35580,0x00000000ff280000)
  to   space 75264K, 0% used [0x00000000f5f80000,0x00000000f5f80000,0x00000000fa900000)
 ParOldGen       total 404992K, used 255274K [0x0000000080000000, 0x0000000098b80000, 0x00000000d5580000)
  object space 404992K, 63% used [0x0000000080000000,0x000000008f94abf0,0x0000000098b80000)
 Metaspace       used 91167K, capacity 96618K, committed 98856K, reserved 1134592K
  class space    used 11708K, capacity 12616K, committed 13104K, reserved 1048576K
GC Heap History (10 events):
Event: 5747.105 GC heap before
{Heap before GC invocations=72 (full 6):
 PSYoungGen      total 571392K, used 476191K [0x00000000d5580000, 0x00000000ff800000, 0x0000000100000000)
  eden space 461824K, 100% used [0x00000000d5580000,0x00000000f1880000,0x00000000f1880000)
  from space 109568K, 13% used [0x00000000f1880000,0x00000000f2687cb8,0x00000000f8380000)
  to   space 102912K, 0% used [0x00000000f9380000,0x00000000f9380000,0x00000000ff800000)
 ParOldGen       total 404992K, used 184648K [0x0000000080000000, 0x0000000098b80000, 0x00000000d5580000)
  object space 404992K, 45% used [0x0000000080000000,0x000000008b452338,0x0000000098b80000)
 Metaspace       used 91157K, capacity 96618K, committed 98856K, reserved 1134592K
  class space    used 11708K, capacity 12616K, committed 13104K, reserved 1048576K
Event: 5747.127 GC heap after
Heap after GC invocations=72 (full 6):
 PSYoungGen      total 579584K, used 10256K [0x00000000d5580000, 0x00000000fee80000, 0x0000000100000000)
  eden space 486400K, 0% used [0x00000000d5580000,0x00000000d5580000,0x00000000f3080000)
  from space 93184K, 11% used [0x00000000f9380000,0x00000000f9d84178,0x00000000fee80000)
  to   space 97280K, 0% used [0x00000000f3080000,0x00000000f3080000,0x00000000f8f80000)
 ParOldGen       total 404992K, used 195872K [0x0000000080000000, 0x0000000098b80000, 0x00000000d5580000)
  object space 404992K, 48% used [0x0000000080000000,0x000000008bf482f0,0x0000000098b80000)
 Metaspace       used 91157K, capacity 96618K, committed 98856K, reserved 1134592K
  class space    used 11708K, capacity 12616K, committed 13104K, reserved 1048576K
}
Event: 5747.726 GC heap before
{Heap before GC invocations=73 (full 6):
 PSYoungGen      total 579584K, used 496656K [0x00000000d5580000, 0x00000000fee80000, 0x0000000100000000)
  eden space 486400K, 100% used [0x00000000d5580000,0x00000000f3080000,0x00000000f3080000)
  from space 93184K, 11% used [0x00000000f9380000,0x00000000f9d84178,0x00000000fee80000)
  to   space 97280K, 0% used [0x00000000f3080000,0x00000000f3080000,0x00000000f8f80000)
 ParOldGen       total 404992K, used 196973K [0x0000000080000000, 0x0000000098b80000, 0x00000000d5580000)
  object space 404992K, 48% used [0x0000000080000000,0x000000008c05b618,0x0000000098b80000)
 Metaspace       used 91159K, capacity 96618K, committed 98856K, reserved 1134592K
  class space    used 11708K, capacity 12616K, committed 13104K, reserved 1048576K
Event: 5747.783 GC heap after
Heap after GC invocations=73 (full 6):
 PSYoungGen      total 583680K, used 25192K [0x00000000d5580000, 0x00000000ff700000, 0x0000000100000000)
  eden space 486400K, 0% used [0x00000000d5580000,0x00000000d5580000,0x00000000f3080000)
  from space 97280K, 25% used [0x00000000f3080000,0x00000000f491a1c8,0x00000000f8f80000)
  to   space 90624K, 0% used [0x00000000f9e80000,0x00000000f9e80000,0x00000000ff700000)
 ParOldGen       total 404992K, used 205827K [0x0000000080000000, 0x0000000098b80000, 0x00000000d5580000)
  object space 404992K, 50% used [0x0000000080000000,0x000000008c900cc8,0x0000000098b80000)
 Metaspace       used 91159K, capacity 96618K, committed 98856K, reserved 1134592K
  class space    used 11708K, capacity 12616K, committed 13104K, reserved 1048576K
}
Event: 5748.283 GC heap before
{Heap before GC invocations=74 (full 6):
 PSYoungGen      total 583680K, used 511592K [0x00000000d5580000, 0x00000000ff700000, 0x0000000100000000)
  eden space 486400K, 100% used [0x00000000d5580000,0x00000000f3080000,0x00000000f3080000)
  from space 97280K, 25% used [0x00000000f3080000,0x00000000f491a1c8,0x00000000f8f80000)
  to   space 90624K, 0% used [0x00000000f9e80000,0x00000000f9e80000,0x00000000ff700000)
 ParOldGen       total 404992K, used 205828K [0x0000000080000000, 0x0000000098b80000, 0x00000000d5580000)
  object space 404992K, 50% used [0x0000000080000000,0x000000008c9012e8,0x0000000098b80000)
 Metaspace       used 91159K, capacity 96618K, committed 98856K, reserved 1134592K
  class space    used 11708K, capacity 12616K, committed 13104K, reserved 1048576K
Event: 5748.353 GC heap after
Heap after GC invocations=74 (full 6):
 PSYoungGen      total 591872K, used 19458K [0x00000000d5580000, 0x00000000fed80000, 0x0000000100000000)
  eden space 510976K, 0% used [0x00000000d5580000,0x00000000d5580000,0x00000000f4880000)
  from space 80896K, 24% used [0x00000000f9e80000,0x00000000fb180aa8,0x00000000fed80000)
  to   space 84480K, 0% used [0x00000000f4880000,0x00000000f4880000,0x00000000f9b00000)
 ParOldGen       total 404992K, used 226956K [0x0000000080000000, 0x0000000098b80000, 0x00000000d5580000)
  object space 404992K, 56% used [0x0000000080000000,0x000000008dda3398,0x0000000098b80000)
 Metaspace       used 91159K, capacity 96618K, committed 98856K, reserved 1134592K
  class space    used 11708K, capacity 12616K, committed 13104K, reserved 1048576K
}
Event: 5749.254 GC heap before
{Heap before GC invocations=75 (full 6):
 PSYoungGen      total 591872K, used 530434K [0x00000000d5580000, 0x00000000fed80000, 0x0000000100000000)
  eden space 510976K, 100% used [0x00000000d5580000,0x00000000f4880000,0x00000000f4880000)
  from space 80896K, 24% used [0x00000000f9e80000,0x00000000fb180aa8,0x00000000fed80000)
  to   space 84480K, 0% used [0x00000000f4880000,0x00000000f4880000,0x00000000f9b00000)
 ParOldGen       total 404992K, used 228207K [0x0000000080000000, 0x0000000098b80000, 0x00000000d5580000)
  object space 404992K, 56% used [0x0000000080000000,0x000000008dedbf98,0x0000000098b80000)
 Metaspace       used 91165K, capacity 96618K, committed 98856K, reserved 1134592K
  class space    used 11708K, capacity 12616K, committed 13104K, reserved 1048576K
Event: 5749.308 GC heap after
Heap after GC invocations=75 (full 6):
 PSYoungGen      total 595456K, used 13214K [0x00000000d5580000, 0x00000000ffa80000, 0x0000000100000000)
  eden space 510976K, 0% used [0x00000000d5580000,0x00000000d5580000,0x00000000f4880000)
  from space 84480K, 15% used [0x00000000f4880000,0x00000000f5567bc8,0x00000000f9b00000)
  to   space 79872K, 0% used [0x00000000fac80000,0x00000000fac80000,0x00000000ffa80000)
 ParOldGen       total 404992K, used 243486K [0x0000000080000000, 0x0000000098b80000, 0x00000000d5580000)
  object space 404992K, 60% used [0x0000000080000000,0x000000008edc7b48,0x0000000098b80000)
 Metaspace       used 91165K, capacity 96618K, committed 98856K, reserved 1134592K
  class space    used 11708K, capacity 12616K, committed 13104K, reserved 1048576K
}
Event: 5749.724 GC heap before
{Heap before GC invocations=76 (full 6):
 PSYoungGen      total 595456K, used 524190K [0x00000000d5580000, 0x00000000ffa80000, 0x0000000100000000)
  eden space 510976K, 100% used [0x00000000d5580000,0x00000000f4880000,0x00000000f4880000)
  from space 84480K, 15% used [0x00000000f4880000,0x00000000f5567bc8,0x00000000f9b00000)
  to   space 79872K, 0% used [0x00000000fac80000,0x00000000fac80000,0x00000000ffa80000)
 ParOldGen       total 404992K, used 243489K [0x0000000080000000, 0x0000000098b80000, 0x00000000d5580000)
  object space 404992K, 60% used [0x0000000080000000,0x000000008edc8448,0x0000000098b80000)
 Metaspace       used 91167K, capacity 96618K, committed 98856K, reserved 1134592K
  class space    used 11708K, capacity 12616K, committed 13104K, reserved 1048576K
Event: 5749.746 GC heap after
Heap after GC invocations=76 (full 6):
 PSYoungGen      total 606208K, used 15061K [0x00000000d5580000, 0x00000000ff280000, 0x0000000100000000)
  eden space 534528K, 0% used [0x00000000d5580000,0x00000000d5580000,0x00000000f5f80000)
  from space 71680K, 21% used [0x00000000fac80000,0x00000000fbb35580,0x00000000ff280000)
  to   space 75264K, 0% used [0x00000000f5f80000,0x00000000f5f80000,0x00000000fa900000)
 ParOldGen       total 404992K, used 255274K [0x0000000080000000, 0x0000000098b80000, 0x00000000d5580000)
  object space 404992K, 63% used [0x0000000080000000,0x000000008f94abf0,0x0000000098b80000)
 Metaspace       used 91167K, capacity 96618K, committed 98856K, reserved 1134592K
  class space    used 11708K, capacity 12616K, committed 13104K, reserved 1048576K
}

